Arguments: 
  /Users/yamanashiren/.volta/tools/image/node/16.15.0/bin/node /Users/yamanashiren/.volta/tools/image/yarn/1.22.19/bin/yarn.js init

PATH: 
  /Users/yamanashiren/.volta/tools/image/yarn/1.22.19/bin:/Users/yamanashiren/.volta/tools/image/node/16.15.0/bin:/opt/homebrew/opt/mysql@5.7/bin:/Users/yamanashiren/.volta/bin:/Users/yamanashiren/.nodenv/shims:/Users/yamanashiren/.nodenv/shims:/Users/yamanashiren/.nodenv/bin:/Users/yamanashiren/.volta/bin:/opt/homebrew/bin:/opt/homebrew/sbin:/usr/local/bin:/usr/bin:/bin:/usr/sbin:/sbin:/usr/local/share/dotnet:~/.dotnet/tools:/Library/Apple/usr/bin:/opt/homebrew/opt/mysql@5.7/bin:/Users/yamanashiren/.volta/bin:/Users/yamanashiren/.nodenv/shims:/Users/yamanashiren/.nodenv/bin:/opt/homebrew/bin:/opt/homebrew/sbin:/Users/yamanashiren/.npm/_npx/42d73d26eff3c14e/node_modules/rustup/CARGO_HOME/bin:/Users/yamanashiren/.cargo/bin

Yarn version: 
  1.22.19

Node version: 
  16.15.0

Platform: 
  darwin arm64

Trace: 
  Error: canceled
      at Interface.<anonymous> (/Users/yamanashiren/.volta/tools/image/yarn/1.22.19/lib/cli.js:137150:13)
      at Interface.emit (node:events:527:28)
      at Interface._ttyWrite (node:readline:1081:16)
      at ReadStream.onkeypress (node:readline:288:10)
      at ReadStream.emit (node:events:527:28)
      at emitKeys (node:internal/readline/utils:358:14)
      at emitKeys.next (<anonymous>)
      at ReadStream.onData (node:internal/readline/emitKeypressEvents:61:36)
      at ReadStream.emit (node:events:527:28)
      at addChunk (node:internal/streams/readable:315:12)

npm manifest: 
  No manifest

yarn manifest: 
  No manifest

Lockfile: 
  No lockfile
